#
# There is insufficient memory for the Java Runtime Environment to continue.
# Native memory allocation (malloc) failed to allocate 1703520 bytes for Chunk::new
# Possible reasons:
#   The system is out of physical RAM or swap space
#   The process is running with CompressedOops enabled, and the Java Heap may be blocking the growth of the native heap
# Possible solutions:
#   Reduce memory load on the system
#   Increase physical memory or swap space
#   Check if swap backing store is full
#   Decrease Java heap size (-Xmx/-Xms)
#   Decrease number of Java threads
#   Decrease Java thread stack sizes (-Xss)
#   Set larger code cache with -XX:ReservedCodeCacheSize=
#   JVM is running with Unscaled Compressed Oops mode in which the Java heap is
#     placed in the first 4GB address space. The Java Heap base address is the
#     maximum limit for the native heap growth. Please use -XX:HeapBaseMinAddress
#     to set the Java Heap base and to place the Java Heap above 4GB virtual address.
# This output file may be truncated or incomplete.
#
#  Out of Memory Error (arena.cpp:168), pid=13108, tid=1320
#
# JRE version: Java(TM) SE Runtime Environment (21.0.3+7) (build 21.0.3+7-LTS-152)
# Java VM: Java HotSpot(TM) 64-Bit Server VM (21.0.3+7-LTS-152, mixed mode, sharing, tiered, compressed oops, compressed class ptrs, g1 gc, windows-amd64)
# No core dump will be written. Minidumps are not enabled by default on client versions of Windows
#

---------------  S U M M A R Y ------------

Command Line: -agentlib:jdwp=transport=dt_socket,address=127.0.0.1:61763,suspend=y,server=n -javaagent:C:\Users\MR\AppData\Local\JetBrains\IdeaIC2023.3\captureAgent\debugger-agent.jar -Dfile.encoding=UTF-8 -Dsun.stdout.encoding=UTF-8 -Dsun.stderr.encoding=UTF-8 com.desafio.teste.TesteApplication

Host: Intel(R) Core(TM) i7-10750H CPU @ 2.60GHz, 12 cores, 6G,  Windows 10 , 64 bit Build 21996 (10.0.21996.1)
Time: Mon May 27 21:13:02 2024 Hora oficial do Brasil elapsed time: 1.855713 seconds (0d 0h 0m 1s)

---------------  T H R E A D  ---------------

Current thread (0x000001ee84282f40):  JavaThread "C2 CompilerThread1" daemon [_thread_in_native, id=1320, stack(0x0000009c87200000,0x0000009c87300000) (1024K)]


Current CompileTask:
C2:   1855 2442       4       java.lang.invoke.MethodType::methodType (69 bytes)

Stack: [0x0000009c87200000,0x0000009c87300000]
Native frames: (J=compiled Java code, j=interpreted, Vv=VM code, C=native code)
V  [jvm.dll+0x6c63b9]
V  [jvm.dll+0x84fa11]
V  [jvm.dll+0x851f3e]
V  [jvm.dll+0x852613]
V  [jvm.dll+0x27cd46]
V  [jvm.dll+0xc4aad]
V  [jvm.dll+0xc4fe3]
V  [jvm.dll+0x3b1d5c]
V  [jvm.dll+0x37e485]
V  [jvm.dll+0x37d8fa]
V  [jvm.dll+0x245b40]
V  [jvm.dll+0x24511f]
V  [jvm.dll+0x1c689e]
V  [jvm.dll+0x254609]
V  [jvm.dll+0x252b9a]
V  [jvm.dll+0x3eb056]
V  [jvm.dll+0x7f9ffb]
V  [jvm.dll+0x6c4a9d]
C  [ucrtbase.dll+0x26c0c]
C  [KERNEL32.DLL+0x154e0]
C  [ntdll.dll+0x485b]


---------------  P R O C E S S  ---------------

Threads class SMR info:
_java_thread_list=0x000001ee84d2ce80, length=17, elements={
0x000001ee20197200, 0x000001ee3ea236f0, 0x000001ee3ea25620, 0x000001ee3ea2bc90,
0x000001ee3ea2c6f0, 0x000001ee3ea35160, 0x000001ee3ea37d50, 0x000001ee3ea40940,
0x000001ee3ea413e0, 0x000001ee3ea3a4b0, 0x000001ee3ed3d9f0, 0x000001ee3ed3e420,
0x000001ee3ee216d0, 0x000001ee3ea3ab40, 0x000001ee84282f40, 0x000001ee3ea39e20,
0x000001ee3ea3b1d0
}

Java Threads: ( => current thread )
  0x000001ee20197200 JavaThread "main"                              [_thread_blocked, id=6308, stack(0x0000009c85d00000,0x0000009c85e00000) (1024K)]
  0x000001ee3ea236f0 JavaThread "Reference Handler"          daemon [_thread_blocked, id=1712, stack(0x0000009c86500000,0x0000009c86600000) (1024K)]
  0x000001ee3ea25620 JavaThread "Finalizer"                  daemon [_thread_blocked, id=4156, stack(0x0000009c86600000,0x0000009c86700000) (1024K)]
  0x000001ee3ea2bc90 JavaThread "Signal Dispatcher"          daemon [_thread_blocked, id=12292, stack(0x0000009c86700000,0x0000009c86800000) (1024K)]
  0x000001ee3ea2c6f0 JavaThread "Attach Listener"            daemon [_thread_blocked, id=5028, stack(0x0000009c86800000,0x0000009c86900000) (1024K)]
  0x000001ee3ea35160 JavaThread "Service Thread"             daemon [_thread_blocked, id=11664, stack(0x0000009c86900000,0x0000009c86a00000) (1024K)]
  0x000001ee3ea37d50 JavaThread "Monitor Deflation Thread"   daemon [_thread_blocked, id=19124, stack(0x0000009c86a00000,0x0000009c86b00000) (1024K)]
  0x000001ee3ea40940 JavaThread "C2 CompilerThread0"         daemon [_thread_in_vm, id=12360, stack(0x0000009c86b00000,0x0000009c86c00000) (1024K)]
  0x000001ee3ea413e0 JavaThread "C1 CompilerThread0"         daemon [_thread_blocked, id=9420, stack(0x0000009c86c00000,0x0000009c86d00000) (1024K)]
  0x000001ee3ea3a4b0 JavaThread "Common-Cleaner"             daemon [_thread_blocked, id=5340, stack(0x0000009c86d00000,0x0000009c86e00000) (1024K)]
  0x000001ee3ed3d9f0 JavaThread "JDWP Transport Listener: dt_socket" daemon [_thread_blocked, id=18716, stack(0x0000009c86e00000,0x0000009c86f00000) (1024K)]
  0x000001ee3ed3e420 JavaThread "JDWP Event Helper Thread"   daemon [_thread_blocked, id=5128, stack(0x0000009c86f00000,0x0000009c87000000) (1024K)]
  0x000001ee3ee216d0 JavaThread "JDWP Command Reader"        daemon [_thread_in_native, id=9112, stack(0x0000009c87000000,0x0000009c87100000) (1024K)]
  0x000001ee3ea3ab40 JavaThread "Notification Thread"        daemon [_thread_blocked, id=2824, stack(0x0000009c87100000,0x0000009c87200000) (1024K)]
=>0x000001ee84282f40 JavaThread "C2 CompilerThread1"         daemon [_thread_in_native, id=1320, stack(0x0000009c87200000,0x0000009c87300000) (1024K)]
  0x000001ee3ea39e20 JavaThread "Thread-0"                          [_thread_blocked, id=6392, stack(0x0000009c87c00000,0x0000009c87d00000) (1024K)]
  0x000001ee3ea3b1d0 JavaThread "restartedMain"                     [_thread_in_native, id=17908, stack(0x0000009c87d00000,0x0000009c87e00000) (1024K)]
Total: 17

Other Threads:
  0x000001ee3ea09230 VMThread "VM Thread"                           [id=12184, stack(0x0000009c86400000,0x0000009c86500000) (1024K)]
  0x000001ee3e9f2a80 WatcherThread "VM Periodic Task Thread"        [id=14384, stack(0x0000009c86300000,0x0000009c86400000) (1024K)]
  0x000001ee2255b740 WorkerThread "GC Thread#0"                     [id=9888, stack(0x0000009c85e00000,0x0000009c85f00000) (1024K)]
  0x000001ee849f4530 WorkerThread "GC Thread#1"                     [id=10156, stack(0x0000009c87300000,0x0000009c87400000) (1024K)]
  0x000001ee846e57c0 WorkerThread "GC Thread#2"                     [id=18768, stack(0x0000009c87400000,0x0000009c87500000) (1024K)]
  0x000001ee8431b180 WorkerThread "GC Thread#3"                     [id=12672, stack(0x0000009c87500000,0x0000009c87600000) (1024K)]
  0x000001ee8431b520 WorkerThread "GC Thread#4"                     [id=15328, stack(0x0000009c87600000,0x0000009c87700000) (1024K)]
  0x000001ee84331e30 WorkerThread "GC Thread#5"                     [id=4104, stack(0x0000009c87700000,0x0000009c87800000) (1024K)]
  0x000001ee843321d0 WorkerThread "GC Thread#6"                     [id=4748, stack(0x0000009c87800000,0x0000009c87900000) (1024K)]
  0x000001ee844643d0 WorkerThread "GC Thread#7"                     [id=13052, stack(0x0000009c87900000,0x0000009c87a00000) (1024K)]
  0x000001ee84464770 WorkerThread "GC Thread#8"                     [id=816, stack(0x0000009c87a00000,0x0000009c87b00000) (1024K)]
  0x000001ee849c0910 WorkerThread "GC Thread#9"                     [id=17592, stack(0x0000009c87b00000,0x0000009c87c00000) (1024K)]
  0x000001ee22568f90 ConcurrentGCThread "G1 Main Marker"            [id=12908, stack(0x0000009c85f00000,0x0000009c86000000) (1024K)]
  0x000001ee22569a90 WorkerThread "G1 Conc#0"                       [id=18076, stack(0x0000009c86000000,0x0000009c86100000) (1024K)]
  0x000001ee225de8a0 ConcurrentGCThread "G1 Refine#0"               [id=14220, stack(0x0000009c86100000,0x0000009c86200000) (1024K)]
  0x000001ee3e8c64c0 ConcurrentGCThread "G1 Service"                [id=13068, stack(0x0000009c86200000,0x0000009c86300000) (1024K)]
Total: 16

Threads with active compile tasks:
C2 CompilerThread0     1866 2568       4       java.util.HashSet::add (20 bytes)
C2 CompilerThread1     1866 2442       4       java.lang.invoke.MethodType::methodType (69 bytes)
Total: 2

VM state: not at safepoint (normal execution)

VM Mutex/Monitor currently owned by a thread: None

Heap address: 0x000000009ca00000, size: 1590 MB, Compressed Oops mode: 32-bit

CDS archive(s) mapped at: [0x000001ee3f000000-0x000001ee3fc90000-0x000001ee3fc90000), size 13172736, SharedBaseAddress: 0x000001ee3f000000, ArchiveRelocationMode: 1.
Compressed class space mapped at: 0x000001ee40000000-0x000001ee80000000, reserved size: 1073741824
Narrow klass base: 0x000001ee3f000000, Narrow klass shift: 0, Narrow klass range: 0x100000000

GC Precious Log:
 CardTable entry size: 512
 Card Set container configuration: InlinePtr #cards 5 size 8 Array Of Cards #cards 12 size 40 Howl #buckets 4 coarsen threshold 1843 Howl Bitmap #cards 512 size 80 coarsen threshold 460 Card regions per heap region 1 cards per card region 2048
 CPUs: 12 total, 12 available
 Memory: 6356M
 Large Page Support: Disabled
 NUMA Support: Disabled
 Compressed Oops: Enabled (32-bit)
 Heap Region Size: 1M
 Heap Min Capacity: 8M
 Heap Initial Capacity: 100M
 Heap Max Capacity: 1590M
 Pre-touch: Disabled
 Parallel Workers: 10
 Concurrent Workers: 3
 Concurrent Refinement Workers: 10
 Periodic GC: Disabled

Heap:
 garbage-first heap   total 102400K, used 48525K [0x000000009ca00000, 0x0000000100000000)
  region size 1024K, 44 young (45056K), 3 survivors (3072K)
 Metaspace       used 18928K, committed 19200K, reserved 1114112K
  class space    used 2254K, committed 2368K, reserved 1048576K

Heap Regions: E=young(eden), S=young(survivor), O=old, HS=humongous(starts), HC=humongous(continues), CS=collection set, F=free, TAMS=top-at-mark-start, PB=parsable bottom
|   0|0x000000009ca00000, 0x000000009cb00000, 0x000000009cb00000|100%|HS|  |TAMS 0x000000009ca00000| PB 0x000000009ca00000| Complete 
|   1|0x000000009cb00000, 0x000000009cc00000, 0x000000009cc00000|100%| O|  |TAMS 0x000000009cb00000| PB 0x000000009cb00000| Untracked 
|   2|0x000000009cc00000, 0x000000009cd00000, 0x000000009cd00000|100%| O|  |TAMS 0x000000009cc00000| PB 0x000000009cc00000| Untracked 
|   3|0x000000009cd00000, 0x000000009ce00000, 0x000000009ce00000|100%| O|  |TAMS 0x000000009cd00000| PB 0x000000009cd00000| Untracked 
|   4|0x000000009ce00000, 0x000000009cf00000, 0x000000009cf00000|100%| O|  |TAMS 0x000000009ce00000| PB 0x000000009ce00000| Untracked 
|   5|0x000000009cf00000, 0x000000009d000000, 0x000000009d000000|100%| O|  |TAMS 0x000000009cf00000| PB 0x000000009cf00000| Untracked 
|   6|0x000000009d000000, 0x000000009d030c38, 0x000000009d100000| 19%| O|  |TAMS 0x000000009d000000| PB 0x000000009d000000| Untracked 
|   7|0x000000009d100000, 0x000000009d100000, 0x000000009d200000|  0%| F|  |TAMS 0x000000009d100000| PB 0x000000009d100000| Untracked 
|   8|0x000000009d200000, 0x000000009d200000, 0x000000009d300000|  0%| F|  |TAMS 0x000000009d200000| PB 0x000000009d200000| Untracked 
|   9|0x000000009d300000, 0x000000009d300000, 0x000000009d400000|  0%| F|  |TAMS 0x000000009d300000| PB 0x000000009d300000| Untracked 
|  10|0x000000009d400000, 0x000000009d400000, 0x000000009d500000|  0%| F|  |TAMS 0x000000009d400000| PB 0x000000009d400000| Untracked 
|  11|0x000000009d500000, 0x000000009d500000, 0x000000009d600000|  0%| F|  |TAMS 0x000000009d500000| PB 0x000000009d500000| Untracked 
|  12|0x000000009d600000, 0x000000009d600000, 0x000000009d700000|  0%| F|  |TAMS 0x000000009d600000| PB 0x000000009d600000| Untracked 
|  13|0x000000009d700000, 0x000000009d700000, 0x000000009d800000|  0%| F|  |TAMS 0x000000009d700000| PB 0x000000009d700000| Untracked 
|  14|0x000000009d800000, 0x000000009d800000, 0x000000009d900000|  0%| F|  |TAMS 0x000000009d800000| PB 0x000000009d800000| Untracked 
|  15|0x000000009d900000, 0x000000009d900000, 0x000000009da00000|  0%| F|  |TAMS 0x000000009d900000| PB 0x000000009d900000| Untracked 
|  16|0x000000009da00000, 0x000000009da00000, 0x000000009db00000|  0%| F|  |TAMS 0x000000009da00000| PB 0x000000009da00000| Untracked 
|  17|0x000000009db00000, 0x000000009db00000, 0x000000009dc00000|  0%| F|  |TAMS 0x000000009db00000| PB 0x000000009db00000| Untracked 
|  18|0x000000009dc00000, 0x000000009dc00000, 0x000000009dd00000|  0%| F|  |TAMS 0x000000009dc00000| PB 0x000000009dc00000| Untracked 
|  19|0x000000009dd00000, 0x000000009dd00000, 0x000000009de00000|  0%| F|  |TAMS 0x000000009dd00000| PB 0x000000009dd00000| Untracked 
|  20|0x000000009de00000, 0x000000009de00000, 0x000000009df00000|  0%| F|  |TAMS 0x000000009de00000| PB 0x000000009de00000| Untracked 
|  21|0x000000009df00000, 0x000000009df00000, 0x000000009e000000|  0%| F|  |TAMS 0x000000009df00000| PB 0x000000009df00000| Untracked 
|  22|0x000000009e000000, 0x000000009e000000, 0x000000009e100000|  0%| F|  |TAMS 0x000000009e000000| PB 0x000000009e000000| Untracked 
|  23|0x000000009e100000, 0x000000009e100000, 0x000000009e200000|  0%| F|  |TAMS 0x000000009e100000| PB 0x000000009e100000| Untracked 
|  24|0x000000009e200000, 0x000000009e200000, 0x000000009e300000|  0%| F|  |TAMS 0x000000009e200000| PB 0x000000009e200000| Untracked 
|  25|0x000000009e300000, 0x000000009e300000, 0x000000009e400000|  0%| F|  |TAMS 0x000000009e300000| PB 0x000000009e300000| Untracked 
|  26|0x000000009e400000, 0x000000009e400000, 0x000000009e500000|  0%| F|  |TAMS 0x000000009e400000| PB 0x000000009e400000| Untracked 
|  27|0x000000009e500000, 0x000000009e500000, 0x000000009e600000|  0%| F|  |TAMS 0x000000009e500000| PB 0x000000009e500000| Untracked 
|  28|0x000000009e600000, 0x000000009e600000, 0x000000009e700000|  0%| F|  |TAMS 0x000000009e600000| PB 0x000000009e600000| Untracked 
|  29|0x000000009e700000, 0x000000009e700000, 0x000000009e800000|  0%| F|  |TAMS 0x000000009e700000| PB 0x000000009e700000| Untracked 
|  30|0x000000009e800000, 0x000000009e800000, 0x000000009e900000|  0%| F|  |TAMS 0x000000009e800000| PB 0x000000009e800000| Untracked 
|  31|0x000000009e900000, 0x000000009e900000, 0x000000009ea00000|  0%| F|  |TAMS 0x000000009e900000| PB 0x000000009e900000| Untracked 
|  32|0x000000009ea00000, 0x000000009ea00000, 0x000000009eb00000|  0%| F|  |TAMS 0x000000009ea00000| PB 0x000000009ea00000| Untracked 
|  33|0x000000009eb00000, 0x000000009eb00000, 0x000000009ec00000|  0%| F|  |TAMS 0x000000009eb00000| PB 0x000000009eb00000| Untracked 
|  34|0x000000009ec00000, 0x000000009ec00000, 0x000000009ed00000|  0%| F|  |TAMS 0x000000009ec00000| PB 0x000000009ec00000| Untracked 
|  35|0x000000009ed00000, 0x000000009ed00000, 0x000000009ee00000|  0%| F|  |TAMS 0x000000009ed00000| PB 0x000000009ed00000| Untracked 
|  36|0x000000009ee00000, 0x000000009ee00000, 0x000000009ef00000|  0%| F|  |TAMS 0x000000009ee00000| PB 0x000000009ee00000| Untracked 
|  37|0x000000009ef00000, 0x000000009ef00000, 0x000000009f000000|  0%| F|  |TAMS 0x000000009ef00000| PB 0x000000009ef00000| Untracked 
|  38|0x000000009f000000, 0x000000009f000000, 0x000000009f100000|  0%| F|  |TAMS 0x000000009f000000| PB 0x000000009f000000| Untracked 
|  39|0x000000009f100000, 0x000000009f100000, 0x000000009f200000|  0%| F|  |TAMS 0x000000009f100000| PB 0x000000009f100000| Untracked 
|  40|0x000000009f200000, 0x000000009f200000, 0x000000009f300000|  0%| F|  |TAMS 0x000000009f200000| PB 0x000000009f200000| Untracked 
|  41|0x000000009f300000, 0x000000009f300000, 0x000000009f400000|  0%| F|  |TAMS 0x000000009f300000| PB 0x000000009f300000| Untracked 
|  42|0x000000009f400000, 0x000000009f400000, 0x000000009f500000|  0%| F|  |TAMS 0x000000009f400000| PB 0x000000009f400000| Untracked 
|  43|0x000000009f500000, 0x000000009f500000, 0x000000009f600000|  0%| F|  |TAMS 0x000000009f500000| PB 0x000000009f500000| Untracked 
|  44|0x000000009f600000, 0x000000009f600000, 0x000000009f700000|  0%| F|  |TAMS 0x000000009f600000| PB 0x000000009f600000| Untracked 
|  45|0x000000009f700000, 0x000000009f700000, 0x000000009f800000|  0%| F|  |TAMS 0x000000009f700000| PB 0x000000009f700000| Untracked 
|  46|0x000000009f800000, 0x000000009f800000, 0x000000009f900000|  0%| F|  |TAMS 0x000000009f800000| PB 0x000000009f800000| Untracked 
|  47|0x000000009f900000, 0x000000009f900000, 0x000000009fa00000|  0%| F|  |TAMS 0x000000009f900000| PB 0x000000009f900000| Untracked 
|  48|0x000000009fa00000, 0x000000009fa00000, 0x000000009fb00000|  0%| F|  |TAMS 0x000000009fa00000| PB 0x000000009fa00000| Untracked 
|  49|0x000000009fb00000, 0x000000009fb00000, 0x000000009fc00000|  0%| F|  |TAMS 0x000000009fb00000| PB 0x000000009fb00000| Untracked 
|  50|0x000000009fc00000, 0x000000009fc00000, 0x000000009fd00000|  0%| F|  |TAMS 0x000000009fc00000| PB 0x000000009fc00000| Untracked 
|  51|0x000000009fd00000, 0x000000009fd00000, 0x000000009fe00000|  0%| F|  |TAMS 0x000000009fd00000| PB 0x000000009fd00000| Untracked 
|  52|0x000000009fe00000, 0x000000009fe00000, 0x000000009ff00000|  0%| F|  |TAMS 0x000000009fe00000| PB 0x000000009fe00000| Untracked 
|  53|0x000000009ff00000, 0x000000009ff00000, 0x00000000a0000000|  0%| F|  |TAMS 0x000000009ff00000| PB 0x000000009ff00000| Untracked 
|  54|0x00000000a0000000, 0x00000000a0000000, 0x00000000a0100000|  0%| F|  |TAMS 0x00000000a0000000| PB 0x00000000a0000000| Untracked 
|  55|0x00000000a0100000, 0x00000000a014b5b8, 0x00000000a0200000| 29%| E|  |TAMS 0x00000000a0100000| PB 0x00000000a0100000| Complete 
|  56|0x00000000a0200000, 0x00000000a0300000, 0x00000000a0300000|100%| E|CS|TAMS 0x00000000a0200000| PB 0x00000000a0200000| Complete 
|  57|0x00000000a0300000, 0x00000000a0400000, 0x00000000a0400000|100%| E|CS|TAMS 0x00000000a0300000| PB 0x00000000a0300000| Complete 
|  58|0x00000000a0400000, 0x00000000a0500000, 0x00000000a0500000|100%| E|CS|TAMS 0x00000000a0400000| PB 0x00000000a0400000| Complete 
|  59|0x00000000a0500000, 0x00000000a0600000, 0x00000000a0600000|100%| E|CS|TAMS 0x00000000a0500000| PB 0x00000000a0500000| Complete 
|  60|0x00000000a0600000, 0x00000000a0700000, 0x00000000a0700000|100%| E|CS|TAMS 0x00000000a0600000| PB 0x00000000a0600000| Complete 
|  61|0x00000000a0700000, 0x00000000a0800000, 0x00000000a0800000|100%| E|CS|TAMS 0x00000000a0700000| PB 0x00000000a0700000| Complete 
|  62|0x00000000a0800000, 0x00000000a0900000, 0x00000000a0900000|100%| E|CS|TAMS 0x00000000a0800000| PB 0x00000000a0800000| Complete 
|  63|0x00000000a0900000, 0x00000000a0a00000, 0x00000000a0a00000|100%| E|CS|TAMS 0x00000000a0900000| PB 0x00000000a0900000| Complete 
|  64|0x00000000a0a00000, 0x00000000a0a32ae0, 0x00000000a0b00000| 19%| S|CS|TAMS 0x00000000a0a00000| PB 0x00000000a0a00000| Complete 
|  65|0x00000000a0b00000, 0x00000000a0c00000, 0x00000000a0c00000|100%| S|CS|TAMS 0x00000000a0b00000| PB 0x00000000a0b00000| Complete 
|  66|0x00000000a0c00000, 0x00000000a0d00000, 0x00000000a0d00000|100%| S|CS|TAMS 0x00000000a0c00000| PB 0x00000000a0c00000| Complete 
|  67|0x00000000a0d00000, 0x00000000a0e00000, 0x00000000a0e00000|100%| E|CS|TAMS 0x00000000a0d00000| PB 0x00000000a0d00000| Complete 
|  68|0x00000000a0e00000, 0x00000000a0f00000, 0x00000000a0f00000|100%| E|CS|TAMS 0x00000000a0e00000| PB 0x00000000a0e00000| Complete 
|  69|0x00000000a0f00000, 0x00000000a1000000, 0x00000000a1000000|100%| E|CS|TAMS 0x00000000a0f00000| PB 0x00000000a0f00000| Complete 
|  70|0x00000000a1000000, 0x00000000a1100000, 0x00000000a1100000|100%| E|CS|TAMS 0x00000000a1000000| PB 0x00000000a1000000| Complete 
|  71|0x00000000a1100000, 0x00000000a1200000, 0x00000000a1200000|100%| E|CS|TAMS 0x00000000a1100000| PB 0x00000000a1100000| Complete 
|  72|0x00000000a1200000, 0x00000000a1300000, 0x00000000a1300000|100%| E|CS|TAMS 0x00000000a1200000| PB 0x00000000a1200000| Complete 
|  73|0x00000000a1300000, 0x00000000a1400000, 0x00000000a1400000|100%| E|CS|TAMS 0x00000000a1300000| PB 0x00000000a1300000| Complete 
|  74|0x00000000a1400000, 0x00000000a1500000, 0x00000000a1500000|100%| E|CS|TAMS 0x00000000a1400000| PB 0x00000000a1400000| Complete 
|  75|0x00000000a1500000, 0x00000000a1600000, 0x00000000a1600000|100%| E|CS|TAMS 0x00000000a1500000| PB 0x00000000a1500000| Complete 
|  76|0x00000000a1600000, 0x00000000a1700000, 0x00000000a1700000|100%| E|CS|TAMS 0x00000000a1600000| PB 0x00000000a1600000| Complete 
|  77|0x00000000a1700000, 0x00000000a1800000, 0x00000000a1800000|100%| E|CS|TAMS 0x00000000a1700000| PB 0x00000000a1700000| Complete 
|  78|0x00000000a1800000, 0x00000000a1900000, 0x00000000a1900000|100%| E|CS|TAMS 0x00000000a1800000| PB 0x00000000a1800000| Complete 
|  79|0x00000000a1900000, 0x00000000a1a00000, 0x00000000a1a00000|100%| E|CS|TAMS 0x00000000a1900000| PB 0x00000000a1900000| Complete 
|  80|0x00000000a1a00000, 0x00000000a1b00000, 0x00000000a1b00000|100%| E|CS|TAMS 0x00000000a1a00000| PB 0x00000000a1a00000| Complete 
|  81|0x00000000a1b00000, 0x00000000a1c00000, 0x00000000a1c00000|100%| E|CS|TAMS 0x00000000a1b00000| PB 0x00000000a1b00000| Complete 
|  82|0x00000000a1c00000, 0x00000000a1d00000, 0x00000000a1d00000|100%| E|CS|TAMS 0x00000000a1c00000| PB 0x00000000a1c00000| Complete 
|  83|0x00000000a1d00000, 0x00000000a1e00000, 0x00000000a1e00000|100%| E|CS|TAMS 0x00000000a1d00000| PB 0x00000000a1d00000| Complete 
|  84|0x00000000a1e00000, 0x00000000a1f00000, 0x00000000a1f00000|100%| E|CS|TAMS 0x00000000a1e00000| PB 0x00000000a1e00000| Complete 
|  85|0x00000000a1f00000, 0x00000000a2000000, 0x00000000a2000000|100%| E|CS|TAMS 0x00000000a1f00000| PB 0x00000000a1f00000| Complete 
|  86|0x00000000a2000000, 0x00000000a2100000, 0x00000000a2100000|100%| E|CS|TAMS 0x00000000a2000000| PB 0x00000000a2000000| Complete 
|  87|0x00000000a2100000, 0x00000000a2200000, 0x00000000a2200000|100%| E|CS|TAMS 0x00000000a2100000| PB 0x00000000a2100000| Complete 
|  88|0x00000000a2200000, 0x00000000a2300000, 0x00000000a2300000|100%| E|CS|TAMS 0x00000000a2200000| PB 0x00000000a2200000| Complete 
|  89|0x00000000a2300000, 0x00000000a2400000, 0x00000000a2400000|100%| E|CS|TAMS 0x00000000a2300000| PB 0x00000000a2300000| Complete 
|  90|0x00000000a2400000, 0x00000000a2500000, 0x00000000a2500000|100%| E|CS|TAMS 0x00000000a2400000| PB 0x00000000a2400000| Complete 
|  91|0x00000000a2500000, 0x00000000a2600000, 0x00000000a2600000|100%| E|  |TAMS 0x00000000a2500000| PB 0x00000000a2500000| Complete 
|  92|0x00000000a2600000, 0x00000000a2700000, 0x00000000a2700000|100%| E|CS|TAMS 0x00000000a2600000| PB 0x00000000a2600000| Complete 
|  93|0x00000000a2700000, 0x00000000a2800000, 0x00000000a2800000|100%| E|CS|TAMS 0x00000000a2700000| PB 0x00000000a2700000| Complete 
|  94|0x00000000a2800000, 0x00000000a2900000, 0x00000000a2900000|100%| E|CS|TAMS 0x00000000a2800000| PB 0x00000000a2800000| Complete 
|  95|0x00000000a2900000, 0x00000000a2a00000, 0x00000000a2a00000|100%| E|CS|TAMS 0x00000000a2900000| PB 0x00000000a2900000| Complete 
|  96|0x00000000a2a00000, 0x00000000a2b00000, 0x00000000a2b00000|100%| E|CS|TAMS 0x00000000a2a00000| PB 0x00000000a2a00000| Complete 
|  97|0x00000000a2b00000, 0x00000000a2c00000, 0x00000000a2c00000|100%| E|CS|TAMS 0x00000000a2b00000| PB 0x00000000a2b00000| Complete 
|  98|0x00000000a2c00000, 0x00000000a2d00000, 0x00000000a2d00000|100%| E|CS|TAMS 0x00000000a2c00000| PB 0x00000000a2c00000| Complete 
|  99|0x00000000a2d00000, 0x00000000a2e00000, 0x00000000a2e00000|100%| E|CS|TAMS 0x00000000a2d00000| PB 0x00000000a2d00000| Complete 

Card table byte_map: [0x000001ee3a210000,0x000001ee3a530000] _byte_map_base: 0x000001ee39d2b000

Marking Bits: (CMBitMap*) 0x000001ee2255be40
 Bits: [0x000001ee3a530000, 0x000001ee3be08000)

Polling page: 0x000001ee20450000

Metaspace:

Usage:
  Non-class:     16.30 MB used.
      Class:      2.20 MB used.
       Both:     18.50 MB used.

Virtual space:
  Non-class space:       64.00 MB reserved,      16.50 MB ( 26%) committed,  1 nodes.
      Class space:        1.00 GB reserved,       2.31 MB ( <1%) committed,  1 nodes.
             Both:        1.06 GB reserved,      18.81 MB (  2%) committed. 

Chunk freelists:
   Non-Class:  14.61 MB
       Class:  13.72 MB
        Both:  28.33 MB

MaxMetaspaceSize: unlimited
CompressedClassSpaceSize: 1.00 GB
Initial GC threshold: 21.00 MB
Current GC threshold: 21.00 MB
CDS: on
 - commit_granule_bytes: 65536.
 - commit_granule_words: 8192.
 - virtual_space_node_default_size: 8388608.
 - enlarge_chunks_in_place: 1.
 - use_allocation_guard: 0.


Internal statistics:

num_allocs_failed_limit: 0.
num_arena_births: 278.
num_arena_deaths: 0.
num_vsnodes_births: 2.
num_vsnodes_deaths: 0.
num_space_committed: 301.
num_space_uncommitted: 0.
num_chunks_returned_to_freelist: 0.
num_chunks_taken_from_freelist: 923.
num_chunk_merges: 0.
num_chunk_splits: 602.
num_chunks_enlarged: 437.
num_inconsistent_stats: 0.

CodeHeap 'non-profiled nmethods': size=120000Kb used=1101Kb max_used=1101Kb free=118898Kb
 bounds [0x000001ee32460000, 0x000001ee326d0000, 0x000001ee39990000]
CodeHeap 'profiled nmethods': size=120000Kb used=5252Kb max_used=5252Kb free=114747Kb
 bounds [0x000001ee2a990000, 0x000001ee2aec0000, 0x000001ee31ec0000]
CodeHeap 'non-nmethods': size=5760Kb used=1486Kb max_used=1540Kb free=4273Kb
 bounds [0x000001ee31ec0000, 0x000001ee32130000, 0x000001ee32460000]
 total_blobs=3131 nmethods=2617 adapters=418
 compilation: enabled
              stopped_count=0, restarted_count=0
 full_count=0

Compilation events (20 events):
Event: 1.850 Thread 0x000001ee3ea413e0 nmethod 2584 0x000001ee2ae9cb10 code [0x000001ee2ae9cce0, 0x000001ee2ae9d078]
Event: 1.850 Thread 0x000001ee3ea413e0 2585       3       org.springframework.core.annotation.MergedAnnotationPredicates::lambda$typeIn$1 (11 bytes)
Event: 1.850 Thread 0x000001ee3ea413e0 nmethod 2585 0x000001ee2ae9d190 code [0x000001ee2ae9d340, 0x000001ee2ae9d538]
Event: 1.850 Thread 0x000001ee3ea413e0 2586       3       jdk.internal.module.Resources::toPackageName (39 bytes)
Event: 1.850 Thread 0x000001ee3ea413e0 nmethod 2586 0x000001ee2ae9d610 code [0x000001ee2ae9d840, 0x000001ee2ae9dee8]
Event: 1.850 Thread 0x000001ee3ea413e0 2587   !   3       jdk.internal.loader.BuiltinClassLoader::findMiscResource (122 bytes)
Event: 1.851 Thread 0x000001ee3ea413e0 nmethod 2587 0x000001ee2ae9e190 code [0x000001ee2ae9e460, 0x000001ee2ae9f668]
Event: 1.851 Thread 0x000001ee3ea413e0 2591       3       jdk.internal.loader.BuiltinClassLoader::findResourceOnClassPath (41 bytes)
Event: 1.851 Thread 0x000001ee3ea413e0 nmethod 2591 0x000001ee2ae9fb90 code [0x000001ee2ae9fd60, 0x000001ee2aea0150]
Event: 1.853 Thread 0x000001ee3ea413e0 2594       3       org.springframework.core.annotation.TypeMappedAnnotation::isFiltered (28 bytes)
Event: 1.853 Thread 0x000001ee3ea413e0 nmethod 2594 0x000001ee2aea0290 code [0x000001ee2aea0440, 0x000001ee2aea06e0]
Event: 1.853 Thread 0x000001ee3ea413e0 2595       3       org.springframework.core.annotation.TypeMappedAnnotation::getValue (41 bytes)
Event: 1.853 Thread 0x000001ee3ea40940 nmethod 2573 0x000001ee3256e490 code [0x000001ee3256e680, 0x000001ee3256f2d8]
Event: 1.853 Thread 0x000001ee3ea40940 2592       4       jdk.internal.jimage.BasicImageReader::getLocationIndex (52 bytes)
Event: 1.853 Thread 0x000001ee3ea413e0 nmethod 2595 0x000001ee2aea0790 code [0x000001ee2aea0980, 0x000001ee2aea0c78]
Event: 1.853 Thread 0x000001ee3ea413e0 2598       3       java.util.stream.SpinedBuffer::clear (88 bytes)
Event: 1.853 Thread 0x000001ee3ea413e0 nmethod 2598 0x000001ee2aea0e90 code [0x000001ee2aea1080, 0x000001ee2aea1770]
Event: 1.853 Thread 0x000001ee3ea413e0 2597       3       java.util.TreeMap::fixAfterInsertion (267 bytes)
Event: 1.854 Thread 0x000001ee3ea413e0 nmethod 2597 0x000001ee2aea1990 code [0x000001ee2aea1e40, 0x000001ee2aea4408]
Event: 1.854 Thread 0x000001ee3ea413e0 2599   !   3       org.springframework.core.annotation.AnnotationUtils::invokeAnnotationMethod (38 bytes)

GC Heap History (4 events):
Event: 0.883 GC heap before
{Heap before GC invocations=0 (full 0):
 garbage-first heap   total 102400K, used 23552K [0x000000009ca00000, 0x0000000100000000)
  region size 1024K, 23 young (23552K), 0 survivors (0K)
 Metaspace       used 4892K, committed 5120K, reserved 1114112K
  class space    used 534K, committed 640K, reserved 1048576K
}
Event: 0.888 GC heap after
{Heap after GC invocations=1 (full 0):
 garbage-first heap   total 102400K, used 6304K [0x000000009ca00000, 0x0000000100000000)
  region size 1024K, 3 young (3072K), 3 survivors (3072K)
 Metaspace       used 4892K, committed 5120K, reserved 1114112K
  class space    used 534K, committed 640K, reserved 1048576K
}
Event: 1.331 GC heap before
{Heap before GC invocations=1 (full 0):
 garbage-first heap   total 102400K, used 36000K [0x000000009ca00000, 0x0000000100000000)
  region size 1024K, 33 young (33792K), 3 survivors (3072K)
 Metaspace       used 11490K, committed 11840K, reserved 1114112K
  class space    used 1356K, committed 1536K, reserved 1048576K
}
Event: 1.334 GC heap after
{Heap after GC invocations=2 (full 0):
 garbage-first heap   total 102400K, used 8589K [0x000000009ca00000, 0x0000000100000000)
  region size 1024K, 3 young (3072K), 3 survivors (3072K)
 Metaspace       used 11490K, committed 11840K, reserved 1114112K
  class space    used 1356K, committed 1536K, reserved 1048576K
}

Dll operation events (11 events):
Event: 0.011 Loaded shared library C:\Program Files\Java\jdk-21\bin\java.dll
Event: 0.013 Loaded shared library C:\Program Files\Java\jdk-21\bin\zip.dll
Event: 0.056 Loaded shared library C:\Program Files\Java\jdk-21\bin\jsvml.dll
Event: 0.314 Loaded shared library C:\Program Files\Java\jdk-21\bin\instrument.dll
Event: 0.348 Loaded shared library C:\Program Files\Java\jdk-21\bin\net.dll
Event: 0.349 Loaded shared library C:\Program Files\Java\jdk-21\bin\nio.dll
Event: 0.359 Loaded shared library C:\Program Files\Java\jdk-21\bin\zip.dll
Event: 0.557 Loaded shared library C:\Program Files\Java\jdk-21\bin\jimage.dll
Event: 0.859 Loaded shared library C:\Program Files\Java\jdk-21\bin\management.dll
Event: 0.861 Loaded shared library C:\Program Files\Java\jdk-21\bin\management_ext.dll
Event: 1.644 Loaded shared library C:\Program Files\Java\jdk-21\bin\sunmscapi.dll

Deoptimization events (20 events):
Event: 1.825 Thread 0x000001ee3ea3b1d0 DEOPT PACKING pc=0x000001ee2ab95f8c sp=0x0000009c87dfd220
Event: 1.825 Thread 0x000001ee3ea3b1d0 DEOPT UNPACKING pc=0x000001ee31f14e42 sp=0x0000009c87dfc6f8 mode 1
Event: 1.825 Thread 0x000001ee3ea3b1d0 DEOPT PACKING pc=0x000001ee2aac9c64 sp=0x0000009c87dfd370
Event: 1.825 Thread 0x000001ee3ea3b1d0 DEOPT UNPACKING pc=0x000001ee31f14e42 sp=0x0000009c87dfc818 mode 1
Event: 1.825 Thread 0x000001ee3ea3b1d0 DEOPT PACKING pc=0x000001ee2ab9646c sp=0x0000009c87dfddf0
Event: 1.825 Thread 0x000001ee3ea3b1d0 DEOPT UNPACKING pc=0x000001ee31f14e42 sp=0x0000009c87dfd2b8 mode 1
Event: 1.825 Thread 0x000001ee3ea3b1d0 DEOPT PACKING pc=0x000001ee2ab95f8c sp=0x0000009c87dfde80
Event: 1.825 Thread 0x000001ee3ea3b1d0 DEOPT UNPACKING pc=0x000001ee31f14e42 sp=0x0000009c87dfd340 mode 1
Event: 1.825 Thread 0x000001ee3ea3b1d0 DEOPT PACKING pc=0x000001ee2ae325cc sp=0x0000009c87dfdf00
Event: 1.825 Thread 0x000001ee3ea3b1d0 DEOPT UNPACKING pc=0x000001ee31f14e42 sp=0x0000009c87dfd5b0 mode 1
Event: 1.839 Thread 0x000001ee3ea3b1d0 DEOPT PACKING pc=0x000001ee2aaca2f1 sp=0x0000009c87dfd480
Event: 1.839 Thread 0x000001ee3ea3b1d0 DEOPT UNPACKING pc=0x000001ee31f14e42 sp=0x0000009c87dfc8d8 mode 1
Event: 1.839 Thread 0x000001ee3ea3b1d0 DEOPT PACKING pc=0x000001ee2aac9c64 sp=0x0000009c87dfd510
Event: 1.839 Thread 0x000001ee3ea3b1d0 DEOPT UNPACKING pc=0x000001ee31f14e42 sp=0x0000009c87dfc9b8 mode 1
Event: 1.839 Thread 0x000001ee3ea3b1d0 DEOPT PACKING pc=0x000001ee2ab9646c sp=0x0000009c87dfdf90
Event: 1.839 Thread 0x000001ee3ea3b1d0 DEOPT UNPACKING pc=0x000001ee31f14e42 sp=0x0000009c87dfd458 mode 1
Event: 1.839 Thread 0x000001ee3ea3b1d0 DEOPT PACKING pc=0x000001ee2ab95f8c sp=0x0000009c87dfe020
Event: 1.839 Thread 0x000001ee3ea3b1d0 DEOPT UNPACKING pc=0x000001ee31f14e42 sp=0x0000009c87dfd4e0 mode 1
Event: 1.839 Thread 0x000001ee3ea3b1d0 DEOPT PACKING pc=0x000001ee2ae325cc sp=0x0000009c87dfe0a0
Event: 1.839 Thread 0x000001ee3ea3b1d0 DEOPT UNPACKING pc=0x000001ee31f14e42 sp=0x0000009c87dfd750 mode 1

Classes loaded (20 events):
Event: 1.830 Loading class org/springframework/boot/autoconfigure/web/OnEnabledResourceChainCondition
Event: 1.830 Loading class org/springframework/boot/autoconfigure/web/OnEnabledResourceChainCondition done
Event: 1.838 Loading class org/springframework/boot/autoconfigure/web/WebProperties$Resources$Chain
Event: 1.838 Loading class org/springframework/boot/autoconfigure/web/WebProperties$Resources$Chain done
Event: 1.839 Loading class org/webjars/WebJarAssetLocator
Event: 1.839 Loading class org/webjars/WebJarAssetLocator done
Event: 1.845 Loading class org/aspectj/weaver/Advice
Event: 1.845 Loading class org/aspectj/weaver/Advice done
Event: 1.846 Loading class org/aspectj/weaver/ShadowMunger
Event: 1.846 Loading class org/aspectj/weaver/ShadowMunger done
Event: 1.846 Loading class org/aspectj/util/PartialOrder$PartialComparable
Event: 1.846 Loading class org/aspectj/util/PartialOrder$PartialComparable done
Event: 1.847 Loading class org/aspectj/weaver/IHasPosition
Event: 1.847 Loading class org/aspectj/weaver/IHasPosition done
Event: 1.848 Loading class org/springframework/context/annotation/EnableAspectJAutoProxy
Event: 1.848 Loading class org/springframework/context/annotation/EnableAspectJAutoProxy done
Event: 1.849 Loading class org/springframework/context/annotation/AspectJAutoProxyRegistrar
Event: 1.849 Loading class org/springframework/context/annotation/AspectJAutoProxyRegistrar done
Event: 1.854 Loading class org/springframework/boot/autoconfigure/condition/ConditionalOnJndi
Event: 1.854 Loading class org/springframework/boot/autoconfigure/condition/ConditionalOnJndi done

Classes unloaded (0 events):
No events

Classes redefined (0 events):
No events

Internal exceptions (20 events):
Event: 1.206 Thread 0x000001ee3ea3b1d0 Exception <a 'java/lang/NoSuchMethodError'{0x00000000a1c4c2a8}: 'java.lang.Object java.lang.invoke.DirectMethodHandle$Holder.invokeVirtual(java.lang.Object, java.lang.Object, java.lang.Object)'> (0x00000000a1c4c2a8) 
thrown [s\open\src\hotspot\share\interpreter\linkResolver.cpp, line 773]
Event: 1.210 Thread 0x000001ee3ea3b1d0 Exception <a 'java/lang/NoSuchMethodError'{0x00000000a1c79670}: 'java.lang.Object java.lang.invoke.DirectMethodHandle$Holder.invokeStatic(java.lang.Object, long, java.lang.Object)'> (0x00000000a1c79670) 
thrown [s\open\src\hotspot\share\interpreter\linkResolver.cpp, line 773]
Event: 1.210 Thread 0x000001ee3ea3b1d0 Exception <a 'java/lang/NoSuchMethodError'{0x00000000a1c7ccc8}: 'java.lang.Object java.lang.invoke.DirectMethodHandle$Holder.invokeStaticInit(java.lang.Object, long, java.lang.Object)'> (0x00000000a1c7ccc8) 
thrown [s\open\src\hotspot\share\interpreter\linkResolver.cpp, line 773]
Event: 1.210 Thread 0x000001ee3ea3b1d0 Exception <a 'java/lang/NoSuchMethodError'{0x00000000a1c823e0}: 'java.lang.Object java.lang.invoke.DirectMethodHandle$Holder.newInvokeSpecial(java.lang.Object, long)'> (0x00000000a1c823e0) 
thrown [s\open\src\hotspot\share\interpreter\linkResolver.cpp, line 773]
Event: 1.224 Thread 0x000001ee3ea3b1d0 Exception <a 'java/lang/NoSuchMethodError'{0x00000000a1cfb210}: 'void java.lang.invoke.DirectMethodHandle$Holder.invokeSpecial(java.lang.Object, java.lang.Object, java.lang.Object, java.lang.Object, java.lang.Object)'> (0x00000000a1cfb210) 
thrown [s\open\src\hotspot\share\interpreter\linkResolver.cpp, line 773]
Event: 1.224 Thread 0x000001ee3ea3b1d0 Exception <a 'java/lang/NoSuchMethodError'{0x00000000a1b02f38}: 'void java.lang.invoke.DirectMethodHandle$Holder.invokeVirtual(java.lang.Object, java.lang.Object, java.lang.Object, java.lang.Object)'> (0x00000000a1b02f38) 
thrown [s\open\src\hotspot\share\interpreter\linkResolver.cpp, line 773]
Event: 1.257 Thread 0x000001ee3ea3b1d0 Exception <a 'java/lang/IncompatibleClassChangeError'{0x00000000a1ac5a28}: Found class java.lang.Object, but interface was expected> (0x00000000a1ac5a28) 
thrown [s\open\src\hotspot\share\interpreter\linkResolver.cpp, line 840]
Event: 1.258 Thread 0x000001ee3ea383e0 Exception <a 'java/lang/NoClassDefFoundError'{0x00000000a1ab4340}: jakarta/validation/Validation> (0x00000000a1ab4340) 
thrown [s\open\src\hotspot\share\classfile\systemDictionary.cpp, line 301]
Event: 1.261 Thread 0x000001ee3ea3b1d0 Exception <a 'java/lang/NoSuchMethodError'{0x00000000a1adf7e8}: 'java.lang.Object java.lang.invoke.DirectMethodHandle$Holder.invokeStaticInit(java.lang.Object, int)'> (0x00000000a1adf7e8) 
thrown [s\open\src\hotspot\share\interpreter\linkResolver.cpp, line 773]
Event: 1.263 Thread 0x000001ee3ea3b1d0 Exception <a 'java/lang/NoSuchMethodError'{0x00000000a192ac38}: 'java.lang.Object java.lang.invoke.DirectMethodHandle$Holder.invokeStatic(java.lang.Object, int, java.lang.Object)'> (0x00000000a192ac38) 
thrown [s\open\src\hotspot\share\interpreter\linkResolver.cpp, line 773]
Event: 1.264 Thread 0x000001ee3ea3b1d0 Exception <a 'java/lang/NoSuchMethodError'{0x00000000a192e288}: 'java.lang.Object java.lang.invoke.DirectMethodHandle$Holder.invokeStaticInit(java.lang.Object, int, java.lang.Object)'> (0x00000000a192e288) 
thrown [s\open\src\hotspot\share\interpreter\linkResolver.cpp, line 773]
Event: 1.491 Thread 0x000001ee3ea3b1d0 Exception <a 'java/lang/NoSuchMethodError'{0x00000000a1b8cbc8}: 'int java.lang.invoke.DirectMethodHandle$Holder.invokeSpecial(java.lang.Object, java.lang.Object, java.lang.Object, java.lang.Object, java.lang.Object)'> (0x00000000a1b8cbc8) 
thrown [s\open\src\hotspot\share\interpreter\linkResolver.cpp, line 773]
Event: 1.495 Thread 0x000001ee3ea3b1d0 Exception <a 'java/lang/NoSuchMethodError'{0x00000000a1b9b510}: 'void java.lang.invoke.DirectMethodHandle$Holder.invokeVirtual(java.lang.Object, java.lang.Object)'> (0x00000000a1b9b510) 
thrown [s\open\src\hotspot\share\interpreter\linkResolver.cpp, line 773]
Event: 1.515 Thread 0x000001ee3ea383e0 Exception <a 'java/lang/NoSuchMethodError'{0x00000000a18004d0}: 'long java.lang.invoke.DirectMethodHandle$Holder.invokeSpecial(java.lang.Object, java.lang.Object)'> (0x00000000a18004d0) 
thrown [s\open\src\hotspot\share\interpreter\linkResolver.cpp, line 773]
Event: 1.517 Thread 0x000001ee3ea383e0 Exception <a 'java/lang/NoSuchMethodError'{0x00000000a180a2e8}: 'long java.lang.invoke.DirectMethodHandle$Holder.invokeStatic(java.lang.Object, java.lang.Object)'> (0x00000000a180a2e8) 
thrown [s\open\src\hotspot\share\interpreter\linkResolver.cpp, line 773]
Event: 1.518 Thread 0x000001ee3ea383e0 Exception <a 'java/lang/NoSuchMethodError'{0x00000000a180d650}: 'long java.lang.invoke.DirectMethodHandle$Holder.invokeStaticInit(java.lang.Object, java.lang.Object)'> (0x00000000a180d650) 
thrown [s\open\src\hotspot\share\interpreter\linkResolver.cpp, line 773]
Event: 1.520 Thread 0x000001ee3ea383e0 Exception <a 'java/lang/NoSuchMethodError'{0x00000000a1819798}: 'long java.lang.invoke.DirectMethodHandle$Holder.invokeInterface(java.lang.Object, java.lang.Object)'> (0x00000000a1819798) 
thrown [s\open\src\hotspot\share\interpreter\linkResolver.cpp, line 773]
Event: 1.521 Thread 0x000001ee3ea383e0 Exception <a 'java/lang/IncompatibleClassChangeError'{0x00000000a181ca48}: Found class java.lang.Object, but interface was expected> (0x00000000a181ca48) 
thrown [s\open\src\hotspot\share\interpreter\linkResolver.cpp, line 840]
Event: 1.533 Thread 0x000001ee3ea383e0 Exception <a 'java/lang/NoSuchMethodError'{0x00000000a18e4d50}: 'java.lang.Object java.lang.invoke.DirectMethodHandle$Holder.invokeVirtual(java.lang.Object, java.lang.Object, java.lang.Object, java.lang.Object)'> (0x00000000a18e4d50) 
thrown [s\open\src\hotspot\share\interpreter\linkResolver.cpp, line 773]
Event: 1.731 Thread 0x000001ee3ea3b1d0 Exception <a 'java/lang/IncompatibleClassChangeError'{0x00000000a09652b8}: Found class java.lang.Object, but interface was expected> (0x00000000a09652b8) 
thrown [s\open\src\hotspot\share\interpreter\linkResolver.cpp, line 840]

ZGC Phase Switch (0 events):
No events

VM Operations (20 events):
Event: 1.248 Executing VM operation: HandshakeAllThreads (Deoptimize)
Event: 1.248 Executing VM operation: HandshakeAllThreads (Deoptimize) done
Event: 1.252 Executing VM operation: HandshakeAllThreads (Deoptimize)
Event: 1.252 Executing VM operation: HandshakeAllThreads (Deoptimize) done
Event: 1.252 Executing VM operation: HandshakeAllThreads (Deoptimize)
Event: 1.252 Executing VM operation: HandshakeAllThreads (Deoptimize) done
Event: 1.331 Executing VM operation: G1CollectForAllocation (G1 Evacuation Pause)
Event: 1.334 Executing VM operation: G1CollectForAllocation (G1 Evacuation Pause) done
Event: 1.381 Executing VM operation: HandshakeAllThreads (Deoptimize)
Event: 1.382 Executing VM operation: HandshakeAllThreads (Deoptimize) done
Event: 1.422 Executing VM operation: HandshakeAllThreads (Deoptimize)
Event: 1.422 Executing VM operation: HandshakeAllThreads (Deoptimize) done
Event: 1.469 Executing VM operation: HandshakeAllThreads (Deoptimize)
Event: 1.469 Executing VM operation: HandshakeAllThreads (Deoptimize) done
Event: 1.589 Executing VM operation: HandshakeAllThreads (Deoptimize)
Event: 1.589 Executing VM operation: HandshakeAllThreads (Deoptimize) done
Event: 1.621 Executing VM operation: HandshakeAllThreads (Deoptimize)
Event: 1.621 Executing VM operation: HandshakeAllThreads (Deoptimize) done
Event: 1.730 Executing VM operation: ICBufferFull
Event: 1.730 Executing VM operation: ICBufferFull done

Events (20 events):
Event: 0.053 Thread 0x000001ee3ea236f0 Thread added: 0x000001ee3ea236f0
Event: 0.053 Thread 0x000001ee3ea25620 Thread added: 0x000001ee3ea25620
Event: 0.053 Thread 0x000001ee3ea2bc90 Thread added: 0x000001ee3ea2bc90
Event: 0.053 Thread 0x000001ee3ea2c6f0 Thread added: 0x000001ee3ea2c6f0
Event: 0.053 Thread 0x000001ee3ea35160 Thread added: 0x000001ee3ea35160
Event: 0.054 Thread 0x000001ee3ea37d50 Thread added: 0x000001ee3ea37d50
Event: 0.054 Thread 0x000001ee3ea40940 Thread added: 0x000001ee3ea40940
Event: 0.054 Thread 0x000001ee3ea413e0 Thread added: 0x000001ee3ea413e0
Event: 0.111 Thread 0x000001ee3ea3a4b0 Thread added: 0x000001ee3ea3a4b0
Event: 0.137 Thread 0x000001ee3ed3d9f0 Thread added: 0x000001ee3ed3d9f0
Event: 0.138 Thread 0x000001ee3ed3e420 Thread added: 0x000001ee3ed3e420
Event: 0.138 Thread 0x000001ee3ee216d0 Thread added: 0x000001ee3ee216d0
Event: 0.326 Thread 0x000001ee3ea3ab40 Thread added: 0x000001ee3ea3ab40
Event: 0.606 Thread 0x000001ee84282f40 Thread added: 0x000001ee84282f40
Event: 0.905 Thread 0x000001ee3ea39e20 Thread added: 0x000001ee3ea39e20
Event: 0.907 Thread 0x000001ee3ea3b1d0 Thread added: 0x000001ee3ea3b1d0
Event: 1.256 Thread 0x000001ee3ea383e0 Thread added: 0x000001ee3ea383e0
Event: 1.634 Thread 0x000001ee3ea39100 Thread added: 0x000001ee3ea39100
Event: 1.649 Thread 0x000001ee3ea383e0 Thread exited: 0x000001ee3ea383e0
Event: 1.721 Thread 0x000001ee3ea39100 Thread exited: 0x000001ee3ea39100


Dynamic libraries:
0x00007ff68e2b0000 - 0x00007ff68e2c0000 	C:\Program Files\Java\jdk-21\bin\java.exe
0x00007ff858580000 - 0x00007ff858787000 	C:\Windows\SYSTEM32\ntdll.dll
0x00007ff856cd0000 - 0x00007ff856d8d000 	C:\Windows\System32\KERNEL32.DLL
0x00007ff8560d0000 - 0x00007ff856442000 	C:\Windows\System32\KERNELBASE.dll
0x00007ff855aa0000 - 0x00007ff855bb1000 	C:\Windows\System32\ucrtbase.dll
0x00007ff834da0000 - 0x00007ff834db9000 	C:\Program Files\Java\jdk-21\bin\jli.dll
0x00007ff843cd0000 - 0x00007ff843ceb000 	C:\Program Files\Java\jdk-21\bin\VCRUNTIME140.dll
0x00007ff8570e0000 - 0x00007ff85718c000 	C:\Windows\System32\ADVAPI32.dll
0x00007ff856c20000 - 0x00007ff856cc3000 	C:\Windows\System32\msvcrt.dll
0x00007ff8584a0000 - 0x00007ff85853d000 	C:\Windows\System32\sechost.dll
0x00007ff856dc0000 - 0x00007ff856ee1000 	C:\Windows\System32\RPCRT4.dll
0x00007ff856560000 - 0x00007ff85670c000 	C:\Windows\System32\USER32.dll
0x00007ff839f70000 - 0x00007ff83a215000 	C:\Windows\WinSxS\amd64_microsoft.windows.common-controls_6595b64144ccf1df_6.0.21996.1_none_7d6b053978bcd706\COMCTL32.dll
0x00007ff855bc0000 - 0x00007ff855be6000 	C:\Windows\System32\win32u.dll
0x00007ff856450000 - 0x00007ff856479000 	C:\Windows\System32\GDI32.dll
0x00007ff855e40000 - 0x00007ff855f52000 	C:\Windows\System32\gdi32full.dll
0x00007ff855da0000 - 0x00007ff855e3d000 	C:\Windows\System32\msvcp_win.dll
0x00007ff84f9e0000 - 0x00007ff84f9ea000 	C:\Windows\SYSTEM32\VERSION.dll
0x00007ff857ef0000 - 0x00007ff857f21000 	C:\Windows\System32\IMM32.DLL
0x00007ff843cc0000 - 0x00007ff843ccc000 	C:\Program Files\Java\jdk-21\bin\vcruntime140_1.dll
0x00007ff81b9f0000 - 0x00007ff81ba7e000 	C:\Program Files\Java\jdk-21\bin\msvcp140.dll
0x00007fffe90f0000 - 0x00007fffe9dfd000 	C:\Program Files\Java\jdk-21\bin\server\jvm.dll
0x00007ff857000000 - 0x00007ff85706f000 	C:\Windows\System32\WS2_32.dll
0x00007ff854aa0000 - 0x00007ff854aed000 	C:\Windows\SYSTEM32\POWRPROF.dll
0x00007ff84ee50000 - 0x00007ff84ee83000 	C:\Windows\SYSTEM32\WINMM.dll
0x00007ff854a10000 - 0x00007ff854a23000 	C:\Windows\SYSTEM32\UMPDC.dll
0x00007ff854c80000 - 0x00007ff854c97000 	C:\Windows\SYSTEM32\kernel.appcore.dll
0x00007ff840af0000 - 0x00007ff840afa000 	C:\Program Files\Java\jdk-21\bin\jimage.dll
0x00007ff852ee0000 - 0x00007ff853101000 	C:\Windows\SYSTEM32\DBGHELP.DLL
0x00007ff83c240000 - 0x00007ff83c271000 	C:\Windows\SYSTEM32\dbgcore.DLL
0x00007ff855bf0000 - 0x00007ff855c70000 	C:\Windows\System32\bcryptPrimitives.dll
0x00007ff830790000 - 0x00007ff8307cc000 	C:\Program Files\Java\jdk-21\bin\jdwp.dll
0x00007ff83cbb0000 - 0x00007ff83cbbf000 	C:\Program Files\Java\jdk-21\bin\instrument.dll
0x00007ff834c80000 - 0x00007ff834c9f000 	C:\Program Files\Java\jdk-21\bin\java.dll
0x00007ff830840000 - 0x00007ff830858000 	C:\Program Files\Java\jdk-21\bin\zip.dll
0x00007ff857190000 - 0x00007ff8578f9000 	C:\Windows\System32\SHELL32.dll
0x00007ff853c20000 - 0x00007ff854478000 	C:\Windows\SYSTEM32\windows.storage.dll
0x00007ff857900000 - 0x00007ff857c75000 	C:\Windows\System32\combase.dll
0x00007ff853ab0000 - 0x00007ff853c16000 	C:\Windows\SYSTEM32\wintypes.dll
0x00007ff856820000 - 0x00007ff85690a000 	C:\Windows\System32\SHCORE.dll
0x00007ff857cf0000 - 0x00007ff857d4d000 	C:\Windows\System32\shlwapi.dll
0x00007ff8559d0000 - 0x00007ff8559f1000 	C:\Windows\SYSTEM32\profapi.dll
0x00007ff810df0000 - 0x00007ff810ec7000 	C:\Program Files\Java\jdk-21\bin\jsvml.dll
0x00007ff83cb90000 - 0x00007ff83cb9c000 	C:\Program Files\Java\jdk-21\bin\dt_socket.dll
0x00007ff854780000 - 0x00007ff8547ad000 	C:\Windows\SYSTEM32\IPHLPAPI.DLL
0x00007ff855080000 - 0x00007ff8550e7000 	C:\Windows\system32\mswsock.dll
0x00007ff8408c0000 - 0x00007ff8408d0000 	C:\Program Files\Java\jdk-21\bin\net.dll
0x00007ff84fcb0000 - 0x00007ff84fdbc000 	C:\Windows\SYSTEM32\WINHTTP.dll
0x00007ff833a40000 - 0x00007ff833a56000 	C:\Program Files\Java\jdk-21\bin\nio.dll
0x00007ff83c6d0000 - 0x00007ff83c6da000 	C:\Program Files\Java\jdk-21\bin\management.dll
0x00007ff83c330000 - 0x00007ff83c33b000 	C:\Program Files\Java\jdk-21\bin\management_ext.dll
0x00007ff858490000 - 0x00007ff858498000 	C:\Windows\System32\PSAPI.DLL
0x00007ff83bd90000 - 0x00007ff83bd9e000 	C:\Program Files\Java\jdk-21\bin\sunmscapi.dll
0x00007ff855f60000 - 0x00007ff8560c5000 	C:\Windows\System32\CRYPT32.dll
0x00007ff855460000 - 0x00007ff855488000 	C:\Windows\SYSTEM32\ncrypt.dll
0x00007ff855420000 - 0x00007ff855457000 	C:\Windows\SYSTEM32\NTASN1.dll

dbghelp: loaded successfully - version: 4.0.5 - missing functions: none
symbol engine: initialized successfully - sym options: 0x614 - pdb path: .;C:\Program Files\Java\jdk-21\bin;C:\Windows\SYSTEM32;C:\Windows\WinSxS\amd64_microsoft.windows.common-controls_6595b64144ccf1df_6.0.21996.1_none_7d6b053978bcd706;C:\Program Files\Java\jdk-21\bin\server

VM Arguments:
jvm_args: -agentlib:jdwp=transport=dt_socket,address=127.0.0.1:61763,suspend=y,server=n -javaagent:C:\Users\MR\AppData\Local\JetBrains\IdeaIC2023.3\captureAgent\debugger-agent.jar -Dfile.encoding=UTF-8 -Dsun.stdout.encoding=UTF-8 -Dsun.stderr.encoding=UTF-8 
java_command: com.desafio.teste.TesteApplication
java_class_path (initial): C:\dev\desafio\teste\target\classes;C:\Users\MR\.m2\repository\org\springframework\boot\spring-boot-starter-web\3.2.6\spring-boot-starter-web-3.2.6.jar;C:\Users\MR\.m2\repository\org\springframework\boot\spring-boot-starter\3.2.6\spring-boot-starter-3.2.6.jar;C:\Users\MR\.m2\repository\org\springframework\boot\spring-boot-starter-logging\3.2.6\spring-boot-starter-logging-3.2.6.jar;C:\Users\MR\.m2\repository\ch\qos\logback\logback-classic\1.4.14\logback-classic-1.4.14.jar;C:\Users\MR\.m2\repository\ch\qos\logback\logback-core\1.4.14\logback-core-1.4.14.jar;C:\Users\MR\.m2\repository\org\apache\logging\log4j\log4j-to-slf4j\2.21.1\log4j-to-slf4j-2.21.1.jar;C:\Users\MR\.m2\repository\org\apache\logging\log4j\log4j-api\2.21.1\log4j-api-2.21.1.jar;C:\Users\MR\.m2\repository\org\slf4j\jul-to-slf4j\2.0.13\jul-to-slf4j-2.0.13.jar;C:\Users\MR\.m2\repository\jakarta\annotation\jakarta.annotation-api\2.1.1\jakarta.annotation-api-2.1.1.jar;C:\Users\MR\.m2\repository\org\yaml\snakeyaml\2.2\snakeyaml-2.2.jar;C:\Users\MR\.m2\repository\org\springframework\boot\spring-boot-starter-json\3.2.6\spring-boot-starter-json-3.2.6.jar;C:\Users\MR\.m2\repository\com\fasterxml\jackson\core\jackson-databind\2.15.4\jackson-databind-2.15.4.jar;C:\Users\MR\.m2\repository\com\fasterxml\jackson\core\jackson-annotations\2.15.4\jackson-annotations-2.15.4.jar;C:\Users\MR\.m2\repository\com\fasterxml\jackson\core\jackson-core\2.15.4\jackson-core-2.15.4.jar;C:\Users\MR\.m2\repository\com\fasterxml\jackson\datatype\jackson-datatype-jdk8\2.15.4\jackson-datatype-jdk8-2.15.4.jar;C:\Users\MR\.m2\repository\com\fasterxml\jackson\datatype\jackson-datatype-jsr310\2.15.4\jackson-datatype-jsr310-2.15.4.jar;C:\Users\MR\.m2\repository\com\fasterxml\jackson\module\jackson-module-parameter-names\2.15.4\jackson-module-parameter-names-2.15.4.jar;C:\Users\MR\.m2\repository\org\springframework\boot\spring-boot-starter-tomcat\3.2.6\spring-boot-starter-tomcat-3.2.6.jar;C:\Users\MR\.m2\repository\org\apache\tomcat\embed\tomcat-embed-core\10.1.24\tomcat-embed-core-10.1.24.jar;C:\Users\MR\.m2\repository\org\apache\tomcat\embed\tomcat-embed-el\10.1.24\tomcat-embed-el-10.1.24.jar;C:\Users\MR\.m2\repository\org\apache\tomcat\embed\tomcat-embed-websocket\10.1.24\tomcat-embed-websocket-10.1.24.jar;C:\Users\MR\.m2\repository\org\springframework\spring-web\6.1.8\spring-web-6.1.8.jar;C:\Users\MR\.m2\repository\org\springframework\spring-beans\6.1.8\spring-beans-6.1.8.jar;C:\Users\MR\.m2\repository\io\micrometer\micrometer-observation\1.12.6\micrometer-observation-1.12.6.jar;C:\Users\MR\.m2\repository\io\micrometer\micrometer-commons\1.12.6\micrometer-commons-1.12.6.jar;C:\Users\MR\.m2\repository\org\springframework\spring-webmvc\6.1.8\spring-webmvc-6.1.8.jar;C:\Users\MR\.m2\repository\org\springframework\spring-aop\6.1.8\spring-aop-6.1.8.jar;C:\Users\MR\.m2\repository\org\springframework\spring-context\6.1.8\spring-context-6.1.8.jar;C:\Users\MR\.m2\repository\org\springframework\spring-expression\6.1.8\spring-expression-6.1.8.jar;C:\Users\MR\.m2\repository\org\springframework\boot\spring-boot-starter-data-jpa\3.2.6\spring-boot-starter-data-jpa-3.2.6.jar;C:\Users\MR\.m2\repository\org\springframework\boot\spring-boot-starter-aop\3.2.6\spring-boot-starter-aop-3.2.6.jar;C:\Users\MR\.m2\repository\org\aspectj\aspectjweaver\1.9.22\aspectjweaver-1.9.22.jar;C:\Users\MR\.m2\repository\org\springframework\boot\spring-boot-starter-jdbc\3.2.6\spring-boot-starter-jdbc-3.2.6.jar;C:\Users\MR\.m2\repository\com\zaxxer\HikariCP\5.0.1\HikariCP-5.0.1.jar;C:\Users\MR\.m2\repository\org\springframework\spring-jdbc\6.1.8\spring-jdbc-6.1.8.jar;C:\Users\MR\.m2\repository\org\hibernate\orm\hibernate-core\6.4.8.Final\hibernate-core-6.4.8.Final.jar;C:\Users\MR\.m2\repository\jakarta\persistence\jakarta.persistence-api\3.1.0\jakarta.persistence-api-3.1.0.jar;C:\Users\MR\.m2\repository\jakarta\transaction\jakarta.transaction-api\2.0.1\jakarta.transaction-api-2.0.1.jar;C:\Users\MR\.m2\repository\org\jboss\logging\jboss-logging\3.5.3.Final\jboss-logging-3.5.3.Final.jar;C:\Users\MR\.m2\repository\org\hibernate\common\hibernate-commons-annotations\6.0.6.Final\hibernate-commons-annotations-6.0.6.Final.jar;C:\Users\MR\.m2\repository\io\smallrye\jandex\3.1.2\jandex-3.1.2.jar;C:\Users\MR\.m2\repository\com\fasterxml\classmate\1.6.0\classmate-1.6.0.jar;C:\Users\MR\.m2\repository\net\bytebuddy\byte-buddy\1.14.16\byte-buddy-1.14.16.jar;C:\Users\MR\.m2\repository\org\glassfish\jaxb\jaxb-runtime\4.0.5\jaxb-runtime-4.0.5.jar;C:\Users\MR\.m2\repository\org\glassfish\jaxb\jaxb-core\4.0.5\jaxb-core-4.0.5.jar;C:\Users\MR\.m2\repository\org\eclipse\angus\angus-activation\2.0.2\angus-activation-2.0.2.jar;C:\Users\MR\.m2\repository\org\glassfish\jaxb\txw2\4.0.5\txw2-4.0.5.jar;C:\Users\MR\.m2\repository\com\sun\istack\istack-commons-runtime\4.1.2\istack-commons-runtime-4.1.2.jar;C:\Users\MR\.m2\repository\jakarta\inject\jakarta.inject-api\2.0.1\jakarta.inject-api-2.0.1.jar;C:\Users\MR\.m2\repository\org\antlr\antlr4-runtime\4.13.0\antlr4-runtime-4.13.0.jar;C:\Users\MR\.m2\repository\org\springframework\data\spring-data-jpa\3.2.6\spring-data-jpa-3.2.6.jar;C:\Users\MR\.m2\repository\org\springframework\data\spring-data-commons\3.2.6\spring-data-commons-3.2.6.jar;C:\Users\MR\.m2\repository\org\springframework\spring-orm\6.1.8\spring-orm-6.1.8.jar;C:\Users\MR\.m2\repository\org\springframework\spring-tx\6.1.8\spring-tx-6.1.8.jar;C:\Users\MR\.m2\repository\org\slf4j\slf4j-api\2.0.13\slf4j-api-2.0.13.jar;C:\Users\MR\.m2\repository\org\springframework\spring-aspects\6.1.8\spring-aspects-6.1.8.jar;C:\Users\MR\.m2\repository\org\springframework\boot\spring-boot-devtools\3.2.6\spring-boot-devtools-3.2.6.jar;C:\Users\MR\.m2\repository\org\springframework\boot\spring-boot\3.2.6\spring-boot-3.2.6.jar;C:\Users\MR\.m2\repository\org\springframework\boot\spring-boot-autoconfigure\3.2.6\spring-boot-autoconfigure-3.2.6.jar;C:\Users\MR\.m2\repository\com\h2database\h2\2.2.224\h2-2.2.224.jar;C:\Users\MR\.m2\repository\org\projectlombok\lombok\1.18.32\lombok-1.18.32.jar;C:\Users\MR\.m2\repository\jakarta\xml\bind\jakarta.xml.bind-api\4.0.2\jakarta.xml.bind-api-4.0.2.jar;C:\Users\MR\.m2\repository\jakarta\activation\jakarta.activation-api\2.1.3\jakarta.activation-api-2.1.3.jar;C:\Users\MR\.m2\repository\org\springframework\spring-core\6.1.8\spring-core-6.1.8.jar;C:\Users\MR\.m2\repository\org\springframework\spring-jcl\6.1.8\spring-jcl-6.1.8.jar;C:\Program Files\JetBrains\IntelliJ IDEA Community Edition 2023.3.5\lib\idea_rt.jar
Launcher Type: SUN_STANDARD

[Global flags]
     intx CICompilerCount                          = 4                                         {product} {ergonomic}
     uint ConcGCThreads                            = 3                                         {product} {ergonomic}
     uint G1ConcRefinementThreads                  = 10                                        {product} {ergonomic}
   size_t G1HeapRegionSize                         = 1048576                                   {product} {ergonomic}
    uintx GCDrainStackTargetSize                   = 64                                        {product} {ergonomic}
   size_t InitialHeapSize                          = 104857600                                 {product} {ergonomic}
   size_t MarkStackSize                            = 4194304                                   {product} {ergonomic}
   size_t MaxHeapSize                              = 1667235840                                {product} {ergonomic}
   size_t MaxNewSize                               = 1000341504                                {product} {ergonomic}
   size_t MinHeapDeltaBytes                        = 1048576                                   {product} {ergonomic}
   size_t MinHeapSize                              = 8388608                                   {product} {ergonomic}
    uintx NonNMethodCodeHeapSize                   = 5839372                                {pd product} {ergonomic}
    uintx NonProfiledCodeHeapSize                  = 122909434                              {pd product} {ergonomic}
    uintx ProfiledCodeHeapSize                     = 122909434                              {pd product} {ergonomic}
    uintx ReservedCodeCacheSize                    = 251658240                              {pd product} {ergonomic}
     bool SegmentedCodeCache                       = true                                      {product} {ergonomic}
   size_t SoftMaxHeapSize                          = 1667235840                             {manageable} {ergonomic}
     bool UseCompressedOops                        = true                           {product lp64_product} {ergonomic}
     bool UseG1GC                                  = true                                      {product} {ergonomic}
     bool UseLargePagesIndividualAllocation        = false                                  {pd product} {ergonomic}

Logging:
Log output configuration:
 #0: stdout all=warning uptime,level,tags foldmultilines=false
 #1: stderr all=off uptime,level,tags foldmultilines=false

Environment Variables:
JAVA_HOME=C:\Program Files\Java\jdk-21
PATH=C:\Program Files\Common Files\Oracle\Java\javapath;C:\Program Files (x86)\Common Files\Oracle\Java\javapath;C:\Windows\system32;C:\Windows;C:\Windows\System32\Wbem;C:\Windows\System32\WindowsPowerShell\v1.0\;C:\Windows\System32\OpenSSH\;C:\Program Files (x86)\NVIDIA Corporation\PhysX\Common;C:\Program Files\NVIDIA Corporation\NVIDIA NvDLISR;C:\Program Files\dotnet\;C:\Program Files\Java\jdk-21\bin;C:\dev\apache-maven-3.9.6\bin;C:\Program Files\Git\cmd;C:\Program Files\nodejs\;C:\Program Files\Docker\Docker\resources\bin;C:\Users\MR\AppData\Local\Microsoft\WindowsApps;;C:\Program Files\JetBrains\IntelliJ IDEA Community Edition 2023.3.5\bin;;C:\Users\MR\AppData\Roaming\npm;C:\Users\MR\AppData\Local\Programs\Microsoft VS Code\bin
USERNAME=MR
OS=Windows_NT
PROCESSOR_IDENTIFIER=Intel64 Family 6 Model 165 Stepping 2, GenuineIntel
TMP=C:\Users\MR\AppData\Local\Temp
TEMP=C:\Users\MR\AppData\Local\Temp




Periodic native trim disabled

---------------  S Y S T E M  ---------------

OS:
 Windows 10 , 64 bit Build 21996 (10.0.21996.1)
OS uptime: 10 days 3:07 hours
Hyper-V role detected

CPU: total 12 (initial active 12) (6 cores per cpu, 2 threads per core) family 6 model 165 stepping 2 microcode 0xe2, cx8, cmov, fxsr, ht, mmx, 3dnowpref, sse, sse2, sse3, ssse3, sse4.1, sse4.2, popcnt, lzcnt, tsc, tscinvbit, avx, avx2, aes, erms, clmul, bmi1, bmi2, adx, fma, vzeroupper, clflush, clflushopt, hv, rdtscp, f16c
Processor Information for all 12 processors :
  Max Mhz: 2592, Current Mhz: 2592, Mhz Limit: 2592

Memory: 4k page, system-wide physical 6356M (429M free)
TotalPageFile size 14356M (AvailPageFile size 5M)
current process WorkingSet (physical memory assigned to process): 141M, peak: 141M
current process commit charge ("private bytes"): 238M, peak: 239M

vm_info: Java HotSpot(TM) 64-Bit Server VM (21.0.3+7-LTS-152) for windows-amd64 JRE (21.0.3+7-LTS-152), built on 2024-03-11T17:42:26Z by "mach5one" with MS VC++ 17.6 (VS2022)

END.
